# JRE version: OpenJDK Runtime Environment Temurin-17.0.6+10 (17.0.6+10) (build 17.0.6+10)
# Java VM: OpenJDK 64-Bit Server VM Temurin-17.0.6+10 (17.0.6+10, mixed mode, sharing, tiered, compressed oops, compressed class ptrs, g1 gc, windows-amd64)
GC Precious Log:
 CPUs: 8 total, 8 available
 Memory: 8034M
 Large Page Support: Disabled
 NUMA Support: Disabled
 Compressed Oops: Enabled (32-bit)
 Heap Region Size: 1M
 Heap Min Capacity: 8M
 Heap Initial Capacity: 126M
 Heap Max Capacity: 2010M
 Pre-touch: Disabled
 Parallel Workers: 8
 Concurrent Workers: 2
 Concurrent Refinement Workers: 8
 Periodic GC: Disabled
Heap:
 garbage-first heap   total 387072K, used 252416K [0x0000000082600000, 0x0000000100000000)
  region size 1024K, 7 young (7168K), 7 survivors (7168K)
 Metaspace       used 507K, committed 704K, reserved 1056768K
  class space    used 39K, committed 128K, reserved 1048576K
GC Heap History (17 events):
Event: 0.346 GC heap before
{Heap before GC invocations=0 (full 0):
 garbage-first heap   total 129024K, used 22528K [0x0000000082600000, 0x0000000100000000)
  region size 1024K, 23 young (23552K), 0 survivors (0K)
 Metaspace       used 506K, committed 704K, reserved 1056768K
  class space    used 39K, committed 128K, reserved 1048576K
}
Event: 0.368 GC heap after
{Heap after GC invocations=1 (full 0):
 garbage-first heap   total 129024K, used 19520K [0x0000000082600000, 0x0000000100000000)
  region size 1024K, 3 young (3072K), 3 survivors (3072K)
 Metaspace       used 506K, committed 704K, reserved 1056768K
  class space    used 39K, committed 128K, reserved 1048576K
}
Event: 0.418 GC heap before
{Heap before GC invocations=1 (full 0):
 garbage-first heap   total 129024K, used 33856K [0x0000000082600000, 0x0000000100000000)
  region size 1024K, 17 young (17408K), 3 survivors (3072K)
 Metaspace       used 507K, committed 704K, reserved 1056768K
  class space    used 39K, committed 128K, reserved 1048576K
}
Event: 0.443 GC heap after
{Heap after GC invocations=2 (full 0):
 garbage-first heap   total 129024K, used 32256K [0x0000000082600000, 0x0000000100000000)
  region size 1024K, 3 young (3072K), 3 survivors (3072K)
 Metaspace       used 507K, committed 704K, reserved 1056768K
  class space    used 39K, committed 128K, reserved 1048576K
}
Event: 0.450 GC heap before
{Heap before GC invocations=2 (full 0):
 garbage-first heap   total 129024K, used 42496K [0x0000000082600000, 0x0000000100000000)
  region size 1024K, 14 young (14336K), 3 survivors (3072K)
 Metaspace       used 507K, committed 704K, reserved 1056768K
  class space    used 39K, committed 128K, reserved 1048576K
}
Event: 0.465 GC heap after
{Heap after GC invocations=3 (full 0):
 garbage-first heap   total 129024K, used 43008K [0x0000000082600000, 0x0000000100000000)
  region size 1024K, 2 young (2048K), 2 survivors (2048K)
 Metaspace       used 507K, committed 704K, reserved 1056768K
  class space    used 39K, committed 128K, reserved 1048576K
}
Event: 0.477 GC heap before
{Heap before GC invocations=3 (full 0):
 garbage-first heap   total 129024K, used 62464K [0x0000000082600000, 0x0000000100000000)
  region size 1024K, 21 young (21504K), 2 survivors (2048K)
 Metaspace       used 507K, committed 704K, reserved 1056768K
  class space    used 39K, committed 128K, reserved 1048576K
}
Event: 0.496 GC heap after
{Heap after GC invocations=4 (full 0):
 garbage-first heap   total 129024K, used 60416K [0x0000000082600000, 0x0000000100000000)
  region size 1024K, 3 young (3072K), 3 survivors (3072K)
 Metaspace       used 507K, committed 704K, reserved 1056768K
  class space    used 39K, committed 128K, reserved 1048576K
}
Event: 0.513 GC heap before
{Heap before GC invocations=4 (full 0):
 garbage-first heap   total 129024K, used 76800K [0x0000000082600000, 0x0000000100000000)
  region size 1024K, 19 young (19456K), 3 survivors (3072K)
 Metaspace       used 507K, committed 704K, reserved 1056768K
  class space    used 39K, committed 128K, reserved 1048576K
}
Event: 0.541 GC heap after
{Heap after GC invocations=5 (full 0):
 garbage-first heap   total 387072K, used 75264K [0x0000000082600000, 0x0000000100000000)
  region size 1024K, 3 young (3072K), 3 survivors (3072K)
 Metaspace       used 507K, committed 704K, reserved 1056768K
  class space    used 39K, committed 128K, reserved 1048576K
}
Event: 0.613 GC heap before
{Heap before GC invocations=5 (full 0):
 garbage-first heap   total 387072K, used 116224K [0x0000000082600000, 0x0000000100000000)
  region size 1024K, 43 young (44032K), 3 survivors (3072K)
 Metaspace       used 507K, committed 704K, reserved 1056768K
  class space    used 39K, committed 128K, reserved 1048576K
}
Event: 0.642 GC heap after
{Heap after GC invocations=6 (full 0):
 garbage-first heap   total 387072K, used 111616K [0x0000000082600000, 0x0000000100000000)
  region size 1024K, 6 young (6144K), 6 survivors (6144K)
 Metaspace       used 507K, committed 704K, reserved 1056768K
  class space    used 39K, committed 128K, reserved 1048576K
}
Event: 0.690 GC heap before
{Heap before GC invocations=6 (full 0):
 garbage-first heap   total 387072K, used 164864K [0x0000000082600000, 0x0000000100000000)
  region size 1024K, 58 young (59392K), 6 survivors (6144K)
 Metaspace       used 507K, committed 704K, reserved 1056768K
  class space    used 39K, committed 128K, reserved 1048576K
}
Event: 0.718 GC heap after
{Heap after GC invocations=7 (full 0):
 garbage-first heap   total 387072K, used 159744K [0x0000000082600000, 0x0000000100000000)
  region size 1024K, 8 young (8192K), 8 survivors (8192K)
 Metaspace       used 507K, committed 704K, reserved 1056768K
  class space    used 39K, committed 128K, reserved 1048576K
}
Event: 0.760 GC heap before
{Heap before GC invocations=7 (full 0):
 garbage-first heap   total 387072K, used 220160K [0x0000000082600000, 0x0000000100000000)
  region size 1024K, 66 young (67584K), 8 survivors (8192K)
 Metaspace       used 507K, committed 704K, reserved 1056768K
  class space    used 39K, committed 128K, reserved 1048576K
}
Event: 0.826 GC heap after
{Heap after GC invocations=8 (full 0):
 garbage-first heap   total 387072K, used 214016K [0x0000000082600000, 0x0000000100000000)
  region size 1024K, 9 young (9216K), 9 survivors (9216K)
 Metaspace       used 507K, committed 704K, reserved 1056768K
  class space    used 39K, committed 128K, reserved 1048576K
}
Event: 0.886 GC heap before
{Heap before GC invocations=8 (full 0):
 garbage-first heap   total 387072K, used 257024K [0x0000000082600000, 0x0000000100000000)
  region size 1024K, 51 young (52224K), 9 survivors (9216K)
 Metaspace       used 507K, committed 704K, reserved 1056768K
  class space    used 39K, committed 128K, reserved 1048576K
}

